Using pre-set license
Built from '2020.3/staging' branch; Version is '2020.3.11f1 (99c7afb366b3) revision 10078127'; Using compiler version '192528614'; Build Type 'Release'
OS: 'Windows 10 Pro; OS build 19042.1288; Version 2009; 64bit' Language: 'zh' Physical Memory: 8191 MB
BatchMode: 1, IsHumanControllingUs: 0, StartBugReporterOnCrash: 0, Is64bit: 1, IsPro: 0

 COMMAND LINE ARGUMENTS:
C:\Program Files\Unity\Hub\Editor\2020.3.11f1\Editor\Unity.exe
-adb2
-batchMode
-noUpm
-name
AssetImportWorker5
-projectPath
F:/Prg/CSharp/MQTT/Unity3d_MQTT
-logFile
Logs/AssetImportWorker5.log
-srvPort
49795
Successfully changed project path to: F:/Prg/CSharp/MQTT/Unity3d_MQTT
F:/Prg/CSharp/MQTT/Unity3d_MQTT
Using Asset Import Pipeline V2.
Refreshing native plugins compatible for Editor in 213.52 ms, found 2 plugins.
Preloading 0 native plugins for Editor in 0.00 ms.
Initialize engine version: 2020.3.11f1 (99c7afb366b3)
[Subsystems] Discovering subsystems at path C:/Program Files/Unity/Hub/Editor/2020.3.11f1/Editor/Data/Resources/UnitySubsystems
[Subsystems] Discovering subsystems at path F:/Prg/CSharp/MQTT/Unity3d_MQTT/Assets
GfxDevice: creating device client; threaded=0
Direct3D:
    Version:  Direct3D 11.0 [level 10.1]
    Renderer: NVIDIA GeForce 210  (ID=0xa65)
    Vendor:   
    VRAM:     459 MB
    Driver:   9.18.13.4174
Initialize mono
Mono path[0] = 'C:/Program Files/Unity/Hub/Editor/2020.3.11f1/Editor/Data/Managed'
Mono path[1] = 'C:/Program Files/Unity/Hub/Editor/2020.3.11f1/Editor/Data/MonoBleedingEdge/lib/mono/unityjit'
Mono config path = 'C:/Program Files/Unity/Hub/Editor/2020.3.11f1/Editor/Data/MonoBleedingEdge/etc'
Using monoOptions --debugger-agent=transport=dt_socket,embedding=1,server=y,suspend=n,address=127.0.0.1:56348
Begin MonoManager ReloadAssembly
Registering precompiled unity dll's ...
Register platform support module: C:/Program Files/Unity/Hub/Editor/2020.3.11f1/Editor/Data/PlaybackEngines/WebGLSupport/UnityEditor.WebGL.Extensions.dll
Register platform support module: C:/Program Files/Unity/Hub/Editor/2020.3.11f1/Editor/Data/PlaybackEngines/WindowsStandaloneSupport/UnityEditor.WindowsStandalone.Extensions.dll
Registered in 0.018163 seconds.
Native extension for WindowsStandalone target not found
Native extension for WebGL target not found
Refreshing native plugins compatible for Editor in 196.54 ms, found 2 plugins.
Preloading 0 native plugins for Editor in 0.00 ms.
Mono: successfully reloaded assembly
- Completed reload, in 11.815 seconds
Platform modules already initialized, skipping
Registering precompiled user dll's ...
Registered in 0.018843 seconds.
Begin MonoManager ReloadAssembly
Native extension for WindowsStandalone target not found
Native extension for WebGL target not found
Refreshing native plugins compatible for Editor in 0.98 ms, found 2 plugins.
Preloading 0 native plugins for Editor in 0.00 ms.
Mono: successfully reloaded assembly
- Completed reload, in  8.746 seconds
Platform modules already initialized, skipping
========================================================================
Worker process is ready to serve import requests
Launched and connected shader compiler UnityShaderCompiler.exe after 1.09 seconds
Refreshing native plugins compatible for Editor in 2.41 ms, found 2 plugins.
Preloading 0 native plugins for Editor in 0.00 ms.
Unloading 1420 Unused Serialized files (Serialized files now loaded: 0)
System memory in use before: 68.5 MB.
System memory in use after: 68.6 MB.

Unloading 19 unused Assets to reduce memory usage. Loaded Objects now: 1853.
Total: 17.336700 ms (FindLiveObjects: 0.546600 ms CreateObjectMapping: 0.142800 ms MarkObjects: 16.415500 ms  DeleteObjects: 0.228100 ms)

========================================================================
Received Import Request.
  path: Assets/MQTT/scripts/test/mqttTest.cs
  artifactKey: Guid(0187419888f217944bc599b2e15cdffb) Importer(815301076,1909f56bfc062723c751e8b465ee728b)
Start importing Assets/MQTT/scripts/test/mqttTest.cs using Guid(0187419888f217944bc599b2e15cdffb) Importer(815301076,1909f56bfc062723c751e8b465ee728b)  -> (artifact id: '26f8ab20ab94d919966927b896e6f8b4') in 0.270321 seconds
  Import took 0.280050 seconds .

========================================================================
Received Import Request.
  Time since last request: 0.000525 seconds.
  path: Assets/MQTT/scripts/test/mqttTest.cs
  artifactKey: Guid(0187419888f217944bc599b2e15cdffb) Importer(815301076,1909f56bfc062723c751e8b465ee728b)
Start importing Assets/MQTT/scripts/test/mqttTest.cs using Guid(0187419888f217944bc599b2e15cdffb) Importer(815301076,1909f56bfc062723c751e8b465ee728b)  -> (artifact id: '26f8ab20ab94d919966927b896e6f8b4') in 0.100021 seconds
  Import took 0.398454 seconds .

========================================================================
Received Import Request.
  Time since last request: 57.921442 seconds.
  path: Assets/MQTT/scripts/test/mqttTest.cs
  artifactKey: Guid(0187419888f217944bc599b2e15cdffb) Importer(815301076,1909f56bfc062723c751e8b465ee728b)
Start importing Assets/MQTT/scripts/test/mqttTest.cs using Guid(0187419888f217944bc599b2e15cdffb) Importer(815301076,1909f56bfc062723c751e8b465ee728b)  -> (artifact id: '6519bd3f0c95fed128e9a1c4a0cb4b90') in 0.024285 seconds
  Import took 0.038111 seconds .

========================================================================
Received Prepare
Registering precompiled user dll's ...
Registered in 0.006182 seconds.
Begin MonoManager ReloadAssembly
Native extension for WindowsStandalone target not found
Native extension for WebGL target not found
Refreshing native plugins compatible for Editor in 0.71 ms, found 2 plugins.
Preloading 0 native plugins for Editor in 0.00 ms.
Mono: successfully reloaded assembly
- Completed reload, in  5.604 seconds
Platform modules already initialized, skipping
Refreshing native plugins compatible for Editor in 0.91 ms, found 2 plugins.
Preloading 0 native plugins for Editor in 0.00 ms.
Unloading 1415 Unused Serialized files (Serialized files now loaded: 0)
System memory in use before: 68.4 MB.
System memory in use after: 68.4 MB.

Unloading 14 unused Assets to reduce memory usage. Loaded Objects now: 1856.
Total: 4.251500 ms (FindLiveObjects: 0.406200 ms CreateObjectMapping: 0.118400 ms MarkObjects: 3.617700 ms  DeleteObjects: 0.106200 ms)

========================================================================
Received Prepare
Registering precompiled user dll's ...
Registered in 0.005062 seconds.
Begin MonoManager ReloadAssembly
Native extension for WindowsStandalone target not found
Native extension for WebGL target not found
Refreshing native plugins compatible for Editor in 0.61 ms, found 2 plugins.
Preloading 0 native plugins for Editor in 0.00 ms.
Mono: successfully reloaded assembly
- Completed reload, in  1.965 seconds
Platform modules already initialized, skipping
Refreshing native plugins compatible for Editor in 0.85 ms, found 2 plugins.
Preloading 0 native plugins for Editor in 0.00 ms.
Unloading 1415 Unused Serialized files (Serialized files now loaded: 0)
System memory in use before: 68.4 MB.
System memory in use after: 68.5 MB.

Unloading 14 unused Assets to reduce memory usage. Loaded Objects now: 1859.
Total: 3.838300 ms (FindLiveObjects: 0.355800 ms CreateObjectMapping: 0.076400 ms MarkObjects: 3.246300 ms  DeleteObjects: 0.156400 ms)

AssetImportWorkerClient::OnTransportError - code=2 error=End of file
