Using pre-set license
Built from '2020.3/staging' branch; Version is '2020.3.11f1 (99c7afb366b3) revision 10078127'; Using compiler version '192528614'; Build Type 'Release'
OS: 'Windows 10 Pro; OS build 19043.1288; Version 2009; 64bit' Language: 'zh' Physical Memory: 16276 MB
BatchMode: 1, IsHumanControllingUs: 0, StartBugReporterOnCrash: 0, Is64bit: 1, IsPro: 0

 COMMAND LINE ARGUMENTS:
C:\Program Files\Unity\Hub\Editor\2020.3.11f1\Editor\Unity.exe
-adb2
-batchMode
-noUpm
-name
AssetImportWorker0
-projectPath
E:/Prg/MQTT/unity/Unity3d_MQTT
-logFile
Logs/AssetImportWorker0.log
-srvPort
55267
Successfully changed project path to: E:/Prg/MQTT/unity/Unity3d_MQTT
E:/Prg/MQTT/unity/Unity3d_MQTT
Using Asset Import Pipeline V2.
Refreshing native plugins compatible for Editor in 30.60 ms, found 2 plugins.
Preloading 0 native plugins for Editor in 0.00 ms.
Initialize engine version: 2020.3.11f1 (99c7afb366b3)
[Subsystems] Discovering subsystems at path C:/Program Files/Unity/Hub/Editor/2020.3.11f1/Editor/Data/Resources/UnitySubsystems
[Subsystems] Discovering subsystems at path E:/Prg/MQTT/unity/Unity3d_MQTT/Assets
GfxDevice: creating device client; threaded=0
Direct3D:
    Version:  Direct3D 11.0 [level 11.1]
    Renderer: Intel(R) HD Graphics 630 (ID=0x5912)
    Vendor:   
    VRAM:     8138 MB
    Driver:   27.20.100.8681
Initialize mono
Mono path[0] = 'C:/Program Files/Unity/Hub/Editor/2020.3.11f1/Editor/Data/Managed'
Mono path[1] = 'C:/Program Files/Unity/Hub/Editor/2020.3.11f1/Editor/Data/MonoBleedingEdge/lib/mono/unityjit'
Mono config path = 'C:/Program Files/Unity/Hub/Editor/2020.3.11f1/Editor/Data/MonoBleedingEdge/etc'
Using monoOptions --debugger-agent=transport=dt_socket,embedding=1,server=y,suspend=n,address=127.0.0.1:56832
Begin MonoManager ReloadAssembly
Registering precompiled unity dll's ...
Register platform support module: C:/Program Files/Unity/Hub/Editor/2020.3.11f1/Editor/Data/PlaybackEngines/WebGLSupport/UnityEditor.WebGL.Extensions.dll
Register platform support module: C:/Program Files/Unity/Hub/Editor/2020.3.11f1/Editor/Data/PlaybackEngines/WindowsStandaloneSupport/UnityEditor.WindowsStandalone.Extensions.dll
Registered in 0.006573 seconds.
Native extension for WindowsStandalone target not found
Native extension for WebGL target not found
Refreshing native plugins compatible for Editor in 29.45 ms, found 2 plugins.
Preloading 0 native plugins for Editor in 0.00 ms.
Mono: successfully reloaded assembly
- Completed reload, in  1.444 seconds
Platform modules already initialized, skipping
Registering precompiled user dll's ...
Registered in 0.008845 seconds.
Begin MonoManager ReloadAssembly
Native extension for WindowsStandalone target not found
Native extension for WebGL target not found
Refreshing native plugins compatible for Editor in 0.31 ms, found 2 plugins.
Preloading 0 native plugins for Editor in 0.00 ms.
Mono: successfully reloaded assembly
- Completed reload, in  1.167 seconds
Platform modules already initialized, skipping
========================================================================
Worker process is ready to serve import requests
Launched and connected shader compiler UnityShaderCompiler.exe after 0.09 seconds
Refreshing native plugins compatible for Editor in 0.29 ms, found 2 plugins.
Preloading 0 native plugins for Editor in 0.00 ms.
Unloading 1420 Unused Serialized files (Serialized files now loaded: 0)
System memory in use before: 68.2 MB.
System memory in use after: 68.2 MB.

Unloading 19 unused Assets to reduce memory usage. Loaded Objects now: 1853.
Total: 2.325800 ms (FindLiveObjects: 0.219900 ms CreateObjectMapping: 0.060400 ms MarkObjects: 1.927700 ms  DeleteObjects: 0.115100 ms)

========================================================================
Received Import Request.
  path: Assets/Scenes/mqtt_test.unity
  artifactKey: Guid(3fb17cfee1a7e204d8592608cca099d0) Importer(815301076,1909f56bfc062723c751e8b465ee728b)
Start importing Assets/Scenes/mqtt_test.unity using Guid(3fb17cfee1a7e204d8592608cca099d0) Importer(815301076,1909f56bfc062723c751e8b465ee728b)  -> (artifact id: '618ae302983b8fb95878107f0edb4341') in 0.013431 seconds
  Import took 0.015803 seconds .

========================================================================
Received Import Request.
  Time since last request: 10.964172 seconds.
  path: Assets/Scenes/SampleScene.unity
  artifactKey: Guid(9fc0d4010bbf28b4594072e72b8655ab) Importer(815301076,1909f56bfc062723c751e8b465ee728b)
Start importing Assets/Scenes/SampleScene.unity using Guid(9fc0d4010bbf28b4594072e72b8655ab) Importer(815301076,1909f56bfc062723c751e8b465ee728b)  -> (artifact id: '85059f4f9e1a832ed95adaa0d25c5c4c') in 0.005562 seconds
  Import took 0.008916 seconds .

========================================================================
Received Import Request.
  Time since last request: 34.604708 seconds.
  path: Assets/MQTT/scripts
  artifactKey: Guid(b8fb6a199b5dc32469dfed66c9c60c1a) Importer(815301076,1909f56bfc062723c751e8b465ee728b)
Start importing Assets/MQTT/scripts using Guid(b8fb6a199b5dc32469dfed66c9c60c1a) Importer(815301076,1909f56bfc062723c751e8b465ee728b)  -> (artifact id: '1c471fa374ccb2808c17503844ebf8af') in 0.008366 seconds
  Import took 0.011978 seconds .

========================================================================
Received Import Request.
  Time since last request: 0.000540 seconds.
  path: Assets/MQTT/scripts
  artifactKey: Guid(b8fb6a199b5dc32469dfed66c9c60c1a) Importer(815301076,1909f56bfc062723c751e8b465ee728b)
Start importing Assets/MQTT/scripts using Guid(b8fb6a199b5dc32469dfed66c9c60c1a) Importer(815301076,1909f56bfc062723c751e8b465ee728b)  -> (artifact id: '1c471fa374ccb2808c17503844ebf8af') in 0.005535 seconds
  Import took 0.009369 seconds .

========================================================================
Received Import Request.
  Time since last request: 4.652304 seconds.
  path: Assets/MQTT/scripts/test
  artifactKey: Guid(76853c627fd802e49b4b371df3815f21) Importer(815301076,1909f56bfc062723c751e8b465ee728b)
Start importing Assets/MQTT/scripts/test using Guid(76853c627fd802e49b4b371df3815f21) Importer(815301076,1909f56bfc062723c751e8b465ee728b)  -> (artifact id: 'f510d947b6a7f84a969d2fc005a7a922') in 0.012075 seconds
  Import took 0.017654 seconds .

========================================================================
Received Prepare
Registering precompiled user dll's ...
Registered in 0.011541 seconds.
Begin MonoManager ReloadAssembly
Native extension for WindowsStandalone target not found
Native extension for WebGL target not found
Refreshing native plugins compatible for Editor in 0.34 ms, found 2 plugins.
Preloading 0 native plugins for Editor in 0.00 ms.
Mono: successfully reloaded assembly
- Completed reload, in  2.420 seconds
Platform modules already initialized, skipping
Refreshing native plugins compatible for Editor in 0.31 ms, found 2 plugins.
Preloading 0 native plugins for Editor in 0.00 ms.
Unloading 1415 Unused Serialized files (Serialized files now loaded: 0)
System memory in use before: 68.0 MB.
System memory in use after: 68.1 MB.

Unloading 14 unused Assets to reduce memory usage. Loaded Objects now: 1856.
Total: 7.787300 ms (FindLiveObjects: 0.154300 ms CreateObjectMapping: 0.047400 ms MarkObjects: 7.487700 ms  DeleteObjects: 0.095700 ms)

========================================================================
Received Import Request.
  Time since last request: 154.817345 seconds.
  path: Assets/MQTT/scripts/test/mqttTest.cs
  artifactKey: Guid(0187419888f217944bc599b2e15cdffb) Importer(815301076,1909f56bfc062723c751e8b465ee728b)
Start importing Assets/MQTT/scripts/test/mqttTest.cs using Guid(0187419888f217944bc599b2e15cdffb) Importer(815301076,1909f56bfc062723c751e8b465ee728b)  -> (artifact id: '22d6180918e2bfaf500b8a25f9be6168') in 0.101626 seconds
  Import took 0.111548 seconds .

AssetImportWorkerClient::OnTransportError - code=2 error=End of file
